<?xml version="1.0" encoding="UTF-8"?>
<!-- Generated by org.testng.reporters.JUnitReportReporter -->
<testsuite hostname="DESKTOP-91HRFE0" failures="0" tests="1" name="PageOrderModel.Overview" time="0.031" errors="0" timestamp="2023-05-23T14:36:47 IST" skipped="0">
  <testcase classname="PageOrderModel.Overview" name="testing" time="0.031"/>
  <system-out/>
</testsuite> <!-- PageOrderModel.Overview -->
